2021-03-24 13:55:35,910 [Worker-1: Loading available Gradle versions] INFO  o.e.b.c.i.u.g.PublishedGradleVersions - Gradle version information cache is up-to-date. Trying to read.
2021-03-24 13:57:16,678 [Worker-7: Updating Maven Dependencies] INFO  o.e.m.c.i.l.LifecycleMappingFactory - Using org.maven.ide.eclipse.wtp.WarLifecycleMapping lifecycle mapping for MavenProject: com.spring:FitInZip:1.0.0-BUILD-SNAPSHOT @ C:\BITCAMP_FITINZIP\FitInZip\pom.xml.
2021-03-24 13:57:38,885 [Worker-7: Building] WARN  o.e.m.c.i.embedder.EclipseLogger - Using platform encoding (MS949 actually) to copy filtered resources, i.e. build is platform dependent!
2021-03-24 13:57:38,892 [Worker-7: Building] INFO  o.e.m.c.i.embedder.EclipseLogger - Copying 12 resources
2021-03-24 13:57:38,982 [Worker-7: Building] WARN  o.e.m.c.i.embedder.EclipseLogger - Using platform encoding (MS949 actually) to copy filtered resources, i.e. build is platform dependent!
2021-03-24 13:57:38,983 [Worker-7: Building] INFO  o.e.m.c.i.embedder.EclipseLogger - Copying 1 resource
2021-03-24 14:21:08,442 [Worker-3: Loading available Gradle versions] INFO  o.e.b.c.i.u.g.PublishedGradleVersions - Gradle version information cache is up-to-date. Trying to read.
2021-03-24 14:21:27,155 [Worker-11: Building] INFO  o.e.m.c.i.l.LifecycleMappingFactory - Using org.maven.ide.eclipse.wtp.WarLifecycleMapping lifecycle mapping for MavenProject: com.spring:FitInZip:1.0.0-BUILD-SNAPSHOT @ C:\MyStudy\Final_Project\Project\BITCAMP_FITINZIP\FitInZip\pom.xml.
2021-03-24 14:21:28,078 [Worker-11: Building] WARN  o.e.m.c.i.embedder.EclipseLogger - Using platform encoding (MS949 actually) to copy filtered resources, i.e. build is platform dependent!
2021-03-24 14:21:28,084 [Worker-11: Building] INFO  o.e.m.c.i.embedder.EclipseLogger - Copying 12 resources
2021-03-24 14:21:28,091 [Worker-11: Building] WARN  o.e.m.c.i.embedder.EclipseLogger - Using platform encoding (MS949 actually) to copy filtered resources, i.e. build is platform dependent!
2021-03-24 14:21:28,093 [Worker-11: Building] INFO  o.e.m.c.i.embedder.EclipseLogger - Copying 1 resource
2021-03-24 14:21:35,228 [Worker-17: Building] WARN  o.e.m.c.i.embedder.EclipseLogger - Using platform encoding (MS949 actually) to copy filtered resources, i.e. build is platform dependent!
2021-03-24 14:21:35,233 [Worker-17: Building] INFO  o.e.m.c.i.embedder.EclipseLogger - Copying 12 resources
2021-03-24 14:21:35,254 [Worker-17: Building] WARN  o.e.m.c.i.embedder.EclipseLogger - Using platform encoding (MS949 actually) to copy filtered resources, i.e. build is platform dependent!
2021-03-24 14:21:35,256 [Worker-17: Building] INFO  o.e.m.c.i.embedder.EclipseLogger - Copying 1 resource
2021-03-24 14:22:43,790 [Worker-19: Building] WARN  o.e.m.c.i.embedder.EclipseLogger - Using platform encoding (MS949 actually) to copy filtered resources, i.e. build is platform dependent!
2021-03-24 14:22:43,795 [Worker-19: Building] INFO  o.e.m.c.i.embedder.EclipseLogger - Copying 12 resources
2021-03-24 14:22:43,816 [Worker-19: Building] WARN  o.e.m.c.i.embedder.EclipseLogger - Using platform encoding (MS949 actually) to copy filtered resources, i.e. build is platform dependent!
2021-03-24 14:22:43,818 [Worker-19: Building] INFO  o.e.m.c.i.embedder.EclipseLogger - Copying 1 resource
2021-03-24 14:23:20,487 [Worker-9: Building] WARN  o.e.m.c.i.embedder.EclipseLogger - Using platform encoding (MS949 actually) to copy filtered resources, i.e. build is platform dependent!
2021-03-24 14:23:20,489 [Worker-9: Building] INFO  o.e.m.c.i.embedder.EclipseLogger - Copying 12 resources
2021-03-24 14:23:20,509 [Worker-9: Building] WARN  o.e.m.c.i.embedder.EclipseLogger - Using platform encoding (MS949 actually) to copy filtered resources, i.e. build is platform dependent!
2021-03-24 14:23:20,510 [Worker-9: Building] INFO  o.e.m.c.i.embedder.EclipseLogger - Copying 1 resource
